INFO 2025-10-05 10:04:39,714 autoreload Watching for file changes with StatReloader
WARNING 2025-10-05 10:04:43,189 log Not Found: /
WARNING 2025-10-05 10:04:43,190 basehttp "GET / HTTP/1.1" 404 2810
WARNING 2025-10-05 10:04:43,333 log Not Found: /favicon.ico
WARNING 2025-10-05 10:04:43,333 basehttp "GET /favicon.ico HTTP/1.1" 404 2861
INFO 2025-10-05 10:04:48,502 basehttp "GET /admin HTTP/1.1" 301 0
INFO 2025-10-05 10:04:48,521 basehttp "GET /admin/ HTTP/1.1" 302 0
INFO 2025-10-05 10:04:48,558 basehttp "GET /admin/login/?next=/admin/ HTTP/1.1" 200 4177
INFO 2025-10-05 10:04:48,644 basehttp "GET /static/admin/css/nav_sidebar.css HTTP/1.1" 200 2810
INFO 2025-10-05 10:04:48,645 basehttp "GET /static/admin/css/dark_mode.css HTTP/1.1" 200 2808
INFO 2025-10-05 10:04:48,646 basehttp "GET /static/admin/css/base.css HTTP/1.1" 200 22120
INFO 2025-10-05 10:04:48,649 basehttp "GET /static/admin/js/theme.js HTTP/1.1" 200 1653
INFO 2025-10-05 10:04:48,654 basehttp "GET /static/admin/css/login.css HTTP/1.1" 200 951
INFO 2025-10-05 10:04:48,678 basehttp "GET /static/admin/css/responsive.css HTTP/1.1" 200 16565
INFO 2025-10-05 10:04:48,691 basehttp "GET /static/admin/js/nav_sidebar.js HTTP/1.1" 200 3063
INFO 2025-10-05 10:05:04,411 basehttp "GET /api/accounts HTTP/1.1" 301 0
WARNING 2025-10-05 10:05:04,431 log Unauthorized: /api/accounts/
WARNING 2025-10-05 10:05:04,432 basehttp "GET /api/accounts/ HTTP/1.1" 401 5097
INFO 2025-10-05 10:05:04,455 basehttp "GET /static/rest_framework/css/bootstrap.min.css HTTP/1.1" 200 121457
INFO 2025-10-05 10:05:04,467 basehttp "GET /static/rest_framework/css/default.css HTTP/1.1" 200 1152
INFO 2025-10-05 10:05:04,468 basehttp "GET /static/rest_framework/css/prettify.css HTTP/1.1" 200 817
INFO 2025-10-05 10:05:04,472 basehttp "GET /static/rest_framework/css/bootstrap-tweaks.css HTTP/1.1" 200 3426
INFO 2025-10-05 10:05:04,477 basehttp "GET /static/rest_framework/js/ajax-form.js HTTP/1.1" 200 3796
INFO 2025-10-05 10:05:04,478 basehttp "GET /static/rest_framework/js/csrf.js HTTP/1.1" 200 1793
INFO 2025-10-05 10:05:04,484 basehttp "GET /static/rest_framework/js/prettify-min.js HTTP/1.1" 200 13632
INFO 2025-10-05 10:05:04,486 basehttp "GET /static/rest_framework/js/default.js HTTP/1.1" 200 1268
INFO 2025-10-05 10:05:04,486 basehttp "GET /static/rest_framework/js/bootstrap.min.js HTTP/1.1" 200 39680
INFO 2025-10-05 10:05:04,488 basehttp "GET /static/rest_framework/js/jquery-3.7.1.min.js HTTP/1.1" 200 87533
INFO 2025-10-05 10:05:04,493 basehttp "GET /static/rest_framework/js/load-ajax-form.js HTTP/1.1" 200 59
INFO 2025-10-05 10:05:04,532 basehttp "GET /static/rest_framework/img/grid.png HTTP/1.1" 200 1458
INFO 2025-10-05 10:24:31,420 autoreload /home/fadih/Projects/ITA_Platform/accounts/views.py changed, reloading.
INFO 2025-10-05 10:24:32,824 autoreload Watching for file changes with StatReloader
INFO 2025-10-05 10:29:15,546 autoreload /home/fadih/Projects/ITA_Platform/accounts/views.py changed, reloading.
INFO 2025-10-05 10:29:16,373 autoreload Watching for file changes with StatReloader
INFO 2025-10-05 10:49:25,572 autoreload Watching for file changes with StatReloader
WARNING 2025-10-05 10:50:12,186 log Unauthorized: /api/accounts/auth/login/
WARNING 2025-10-05 10:50:12,188 basehttp "POST /api/accounts/auth/login/ HTTP/1.1" 401 58
WARNING 2025-10-05 10:50:34,746 log Unauthorized: /api/accounts/auth/login/
WARNING 2025-10-05 10:50:34,747 basehttp "POST /api/accounts/auth/login/ HTTP/1.1" 401 58
INFO 2025-10-05 10:50:53,461 basehttp "GET /admin/ HTTP/1.1" 302 0
INFO 2025-10-05 10:50:53,592 basehttp "GET /admin/login/?next=/admin/ HTTP/1.1" 200 4177
INFO 2025-10-05 10:50:53,702 basehttp "GET /static/admin/css/base.css HTTP/1.1" 304 0
INFO 2025-10-05 10:50:53,704 basehttp "GET /static/admin/css/dark_mode.css HTTP/1.1" 304 0
INFO 2025-10-05 10:50:53,738 basehttp "GET /static/admin/css/nav_sidebar.css HTTP/1.1" 304 0
INFO 2025-10-05 10:50:53,759 basehttp "GET /static/admin/css/responsive.css HTTP/1.1" 304 0
INFO 2025-10-05 10:50:53,824 basehttp "GET /static/admin/css/login.css HTTP/1.1" 304 0
INFO 2025-10-05 10:50:53,850 basehttp "GET /static/admin/js/nav_sidebar.js HTTP/1.1" 304 0
INFO 2025-10-05 10:50:53,889 basehttp "GET /static/admin/js/theme.js HTTP/1.1" 304 0
INFO 2025-10-05 10:50:57,868 basehttp "POST /admin/login/?next=/admin/ HTTP/1.1" 200 4341
INFO 2025-10-05 10:51:05,770 basehttp "POST /admin/login/?next=/admin/ HTTP/1.1" 200 4341
INFO 2025-10-05 10:51:32,162 basehttp "POST /admin/login/?next=/admin/ HTTP/1.1" 200 4352
INFO 2025-10-05 10:52:36,684 autoreload Watching for file changes with StatReloader
INFO 2025-10-05 10:52:42,172 basehttp "POST /admin/login/?next=/admin/ HTTP/1.1" 302 0
INFO 2025-10-05 10:52:42,208 basehttp "GET /admin/ HTTP/1.1" 200 7735
INFO 2025-10-05 10:52:42,274 basehttp "GET /static/admin/css/dashboard.css HTTP/1.1" 200 441
INFO 2025-10-05 10:52:42,326 basehttp "GET /static/admin/img/icon-addlink.svg HTTP/1.1" 200 331
INFO 2025-10-05 10:52:42,326 basehttp "GET /static/admin/img/icon-changelink.svg HTTP/1.1" 200 380
WARNING 2025-10-05 10:52:56,112 log Unauthorized: /api/accounts/auth/login/
WARNING 2025-10-05 10:52:56,113 basehttp "POST /api/accounts/auth/login/ HTTP/1.1" 401 58
WARNING 2025-10-05 10:53:06,295 log Unauthorized: /api/accounts/auth/login/
WARNING 2025-10-05 10:53:06,295 basehttp "POST /api/accounts/auth/login/ HTTP/1.1" 401 58
INFO 2025-10-05 10:53:12,266 basehttp "GET /admin/accounts/user/ HTTP/1.1" 200 14722
INFO 2025-10-05 10:53:12,290 basehttp "GET /static/admin/css/changelists.css HTTP/1.1" 200 6878
INFO 2025-10-05 10:53:12,296 basehttp "GET /static/admin/js/jquery.init.js HTTP/1.1" 200 347
INFO 2025-10-05 10:53:12,298 basehttp "GET /admin/jsi18n/ HTTP/1.1" 200 3342
INFO 2025-10-05 10:53:12,299 basehttp "GET /static/admin/js/actions.js HTTP/1.1" 200 8076
INFO 2025-10-05 10:53:12,300 basehttp "GET /static/admin/js/urlify.js HTTP/1.1" 200 7887
INFO 2025-10-05 10:53:12,373 basehttp "GET /static/admin/js/prepopulate.js HTTP/1.1" 200 1531
INFO 2025-10-05 10:53:12,378 basehttp "GET /static/admin/img/search.svg HTTP/1.1" 200 458
INFO 2025-10-05 10:53:12,379 basehttp "GET /static/admin/js/core.js HTTP/1.1" 200 6208
INFO 2025-10-05 10:53:12,382 basehttp "GET /static/admin/img/icon-yes.svg HTTP/1.1" 200 436
INFO 2025-10-05 10:53:12,420 basehttp "GET /static/admin/js/vendor/xregexp/xregexp.js HTTP/1.1" 200 325171
INFO 2025-10-05 10:53:12,456 basehttp "GET /static/admin/js/vendor/jquery/jquery.js HTTP/1.1" 200 285314
INFO 2025-10-05 10:53:12,483 basehttp "GET /static/admin/js/filters.js HTTP/1.1" 200 978
INFO 2025-10-05 10:53:12,485 basehttp "GET /static/admin/js/admin/RelatedObjectLookups.js HTTP/1.1" 200 9777
INFO 2025-10-05 10:53:12,593 basehttp "GET /static/admin/img/sorting-icons.svg HTTP/1.1" 200 1097
INFO 2025-10-05 10:53:12,594 basehttp "GET /static/admin/img/tooltag-add.svg HTTP/1.1" 200 331
INFO 2025-10-05 10:53:12,594 basehttp "GET /static/admin/img/icon-viewlink.svg HTTP/1.1" 200 581
INFO 2025-10-05 10:53:19,440 basehttp "GET /admin/accounts/user/add/ HTTP/1.1" 200 15838
INFO 2025-10-05 10:53:19,462 basehttp "GET /static/admin/css/forms.css HTTP/1.1" 200 8525
INFO 2025-10-05 10:53:19,469 basehttp "GET /static/admin/css/unusable_password_field.css HTTP/1.1" 200 663
INFO 2025-10-05 10:53:19,475 basehttp "GET /static/admin/js/prepopulate_init.js HTTP/1.1" 200 586
INFO 2025-10-05 10:53:19,478 basehttp "GET /admin/jsi18n/ HTTP/1.1" 200 3342
INFO 2025-10-05 10:53:19,481 basehttp "GET /static/admin/js/change_form.js HTTP/1.1" 200 606
INFO 2025-10-05 10:53:19,510 basehttp "GET /static/admin/js/unusable_password_field.js HTTP/1.1" 200 1480
INFO 2025-10-05 10:53:19,510 basehttp "GET /static/admin/css/widgets.css HTTP/1.1" 200 11973
INFO 2025-10-05 10:53:51,019 basehttp "POST /admin/accounts/user/add/ HTTP/1.1" 200 16402
INFO 2025-10-05 10:53:51,052 basehttp "GET /admin/jsi18n/ HTTP/1.1" 200 3342
INFO 2025-10-05 10:54:26,998 basehttp "POST /admin/accounts/user/add/ HTTP/1.1" 302 0
INFO 2025-10-05 10:54:27,026 basehttp "GET /admin/accounts/user/3/change/ HTTP/1.1" 200 25567
INFO 2025-10-05 10:54:27,102 basehttp "GET /admin/jsi18n/ HTTP/1.1" 200 3342
INFO 2025-10-05 10:54:27,102 basehttp "GET /static/admin/js/SelectBox.js HTTP/1.1" 200 4530
INFO 2025-10-05 10:54:27,204 basehttp "GET /static/admin/js/SelectFilter2.js HTTP/1.1" 200 15845
INFO 2025-10-05 10:54:27,336 basehttp "GET /static/admin/img/selector-icons.svg HTTP/1.1" 200 3291
WARNING 2025-10-05 10:54:49,370 log Unauthorized: /api/accounts/auth/login/
WARNING 2025-10-05 10:54:49,371 basehttp "POST /api/accounts/auth/login/ HTTP/1.1" 401 58
WARNING 2025-10-05 10:56:20,389 log Unauthorized: /api/accounts/auth/login/
WARNING 2025-10-05 10:56:20,391 basehttp "POST /api/accounts/auth/login/ HTTP/1.1" 401 58
WARNING 2025-10-05 10:58:15,570 log Unauthorized: /api/accounts/auth/login/
WARNING 2025-10-05 10:58:15,571 basehttp "GET /api/accounts/auth/login/ HTTP/1.1" 401 3922
INFO 2025-10-05 10:58:15,653 basehttp "GET /static/rest_framework/css/bootstrap-tweaks.css HTTP/1.1" 200 3426
INFO 2025-10-05 10:58:15,660 basehttp "GET /static/rest_framework/css/prettify.css HTTP/1.1" 200 817
INFO 2025-10-05 10:58:15,706 basehttp "GET /static/rest_framework/css/default.css HTTP/1.1" 200 1152
INFO 2025-10-05 10:58:15,735 basehttp "GET /static/rest_framework/css/bootstrap.min.css HTTP/1.1" 200 121457
INFO 2025-10-05 10:58:15,750 basehttp "GET /static/rest_framework/js/jquery-3.7.1.min.js HTTP/1.1" 200 87533
INFO 2025-10-05 10:58:15,784 basehttp "GET /static/rest_framework/js/ajax-form.js HTTP/1.1" 200 3796
INFO 2025-10-05 10:58:15,794 basehttp "GET /static/rest_framework/js/bootstrap.min.js HTTP/1.1" 200 39680
INFO 2025-10-05 10:58:15,831 basehttp "GET /static/rest_framework/js/prettify-min.js HTTP/1.1" 200 13632
INFO 2025-10-05 10:58:15,832 basehttp "GET /static/rest_framework/js/csrf.js HTTP/1.1" 200 1793
INFO 2025-10-05 10:58:15,835 basehttp "GET /static/rest_framework/js/default.js HTTP/1.1" 200 1268
INFO 2025-10-05 10:58:15,843 basehttp "GET /static/rest_framework/js/load-ajax-form.js HTTP/1.1" 200 59
INFO 2025-10-05 10:58:15,875 basehttp "GET /static/rest_framework/img/grid.png HTTP/1.1" 200 1458
WARNING 2025-10-05 10:58:16,022 log Not Found: /favicon.ico
WARNING 2025-10-05 10:58:16,023 basehttp "GET /favicon.ico HTTP/1.1" 404 2861
INFO 2025-10-05 10:59:38,312 autoreload /home/fadih/Projects/ITA_Platform/accounts/views.py changed, reloading.
INFO 2025-10-05 10:59:39,372 autoreload Watching for file changes with StatReloader
WARNING 2025-10-05 10:59:45,527 log Method Not Allowed: /api/accounts/auth/login/
WARNING 2025-10-05 10:59:45,527 basehttp "GET /api/accounts/auth/login/ HTTP/1.1" 405 5812
INFO 2025-10-05 11:00:01,185 basehttp "POST /api/accounts/auth/login/ HTTP/1.1" 200 149
WARNING 2025-10-05 11:00:53,971 log Forbidden: /api/accounts/auth/password/change/
WARNING 2025-10-05 11:00:53,973 basehttp "POST /api/accounts/auth/password/change/ HTTP/1.1" 403 45
WARNING 2025-10-05 11:09:35,212 log Forbidden: /api/accounts/auth/login/
WARNING 2025-10-05 11:09:35,213 basehttp "POST /api/accounts/auth/login/ HTTP/1.1" 403 93
WARNING 2025-10-05 11:12:18,047 log Forbidden: /api/accounts/auth/login/
WARNING 2025-10-05 11:12:18,049 basehttp "POST /api/accounts/auth/login/ HTTP/1.1" 403 45
INFO 2025-10-05 11:12:32,969 autoreload Watching for file changes with StatReloader
WARNING 2025-10-05 11:12:39,437 log Forbidden: /api/accounts/auth/login/
WARNING 2025-10-05 11:12:39,439 basehttp "POST /api/accounts/auth/login/ HTTP/1.1" 403 45
WARNING 2025-10-05 11:18:16,065 log Forbidden: /api/accounts/auth/login/
WARNING 2025-10-05 11:18:16,068 basehttp "POST /api/accounts/auth/login/ HTTP/1.1" 403 93
WARNING 2025-10-05 11:23:11,085 log Forbidden: /api/accounts/auth/login/
WARNING 2025-10-05 11:23:11,177 basehttp "POST /api/accounts/auth/login/ HTTP/1.1" 403 45
WARNING 2025-10-05 11:27:14,888 log Unauthorized: /api/accounts/users/
WARNING 2025-10-05 11:27:14,890 basehttp "GET /api/accounts/users/ HTTP/1.1" 401 59
WARNING 2025-10-05 11:27:19,826 log Forbidden: /api/accounts/auth/login/
WARNING 2025-10-05 11:27:19,827 basehttp "POST /api/accounts/auth/login/ HTTP/1.1" 403 45
WARNING 2025-10-05 11:27:30,016 log Method Not Allowed: /api/accounts/auth/login/
WARNING 2025-10-05 11:27:30,016 basehttp "GET /api/accounts/auth/login/ HTTP/1.1" 405 40
WARNING 2025-10-05 11:27:37,279 log Forbidden: /api/accounts/auth/login/
WARNING 2025-10-05 11:27:37,280 basehttp "POST /api/accounts/auth/login/ HTTP/1.1" 403 45
WARNING 2025-10-05 11:27:42,712 log Method Not Allowed: /api/accounts/auth/login/
WARNING 2025-10-05 11:27:42,712 basehttp "GET /api/accounts/auth/login/ HTTP/1.1" 405 40
WARNING 2025-10-05 11:29:02,621 log Forbidden: /api/accounts/auth/login/
WARNING 2025-10-05 11:29:02,622 basehttp "POST /api/accounts/auth/login/ HTTP/1.1" 403 45
INFO 2025-10-05 11:29:49,163 basehttp "GET /api/accounts/auth/me/ HTTP/1.1" 200 181
INFO 2025-10-05 11:30:09,462 basehttp "GET /api/accounts/profile/ HTTP/1.1" 200 181
INFO 2025-10-05 11:30:20,211 basehttp "GET /api/accounts/users/ HTTP/1.1" 200 469
WARNING 2025-10-05 11:30:36,457 log Forbidden: /api/accounts/users/
WARNING 2025-10-05 11:30:36,458 basehttp "POST /api/accounts/users/ HTTP/1.1" 403 45
INFO 2025-10-05 11:39:53,773 basehttp "GET /admin/ HTTP/1.1" 200 4561
WARNING 2025-10-05 11:40:37,742 log Unauthorized: /api/accounts/auth/me/
WARNING 2025-10-05 11:40:37,745 basehttp "GET /api/accounts/auth/me/ HTTP/1.1" 401 59
INFO 2025-10-05 11:40:52,835 basehttp "POST /api/accounts/auth/login/ HTTP/1.1" 200 149
INFO 2025-10-05 11:40:58,261 basehttp "GET /api/accounts/auth/me/ HTTP/1.1" 200 181
INFO 2025-10-05 11:41:06,109 basehttp "GET /api/accounts/users/ HTTP/1.1" 200 469
INFO 2025-10-05 11:41:16,898 basehttp "POST /api/accounts/users/ HTTP/1.1" 201 159
INFO 2025-10-05 11:41:22,276 basehttp "GET /api/accounts/users/ HTTP/1.1" 200 628
INFO 2025-10-05 11:42:28,151 basehttp "GET /api/accounts/users/1/ HTTP/1.1" 200 326
INFO 2025-10-05 11:42:51,343 basehttp "POST /api/accounts/auth/logout/ HTTP/1.1" 200 38
INFO 2025-10-05 11:43:04,587 basehttp "POST /api/accounts/auth/login/ HTTP/1.1" 200 147
INFO 2025-10-05 21:41:04,702 autoreload Watching for file changes with StatReloader
WARNING 2025-10-05 21:41:12,492 log Not Found: /
WARNING 2025-10-05 21:41:12,492 basehttp "GET / HTTP/1.1" 404 2810
WARNING 2025-10-05 21:41:12,731 log Not Found: /favicon.ico
WARNING 2025-10-05 21:41:12,731 basehttp "GET /favicon.ico HTTP/1.1" 404 2861
INFO 2025-10-05 21:41:19,278 basehttp "GET /admin HTTP/1.1" 301 0
INFO 2025-10-05 21:41:20,811 basehttp "GET /admin/ HTTP/1.1" 200 8120
INFO 2025-10-05 21:41:21,680 basehttp "GET /static/admin/css/dark_mode.css HTTP/1.1" 200 2808
INFO 2025-10-05 21:41:21,707 basehttp "GET /static/admin/css/nav_sidebar.css HTTP/1.1" 200 2810
INFO 2025-10-05 21:41:21,718 basehttp "GET /static/admin/css/dashboard.css HTTP/1.1" 200 441
INFO 2025-10-05 21:41:21,941 basehttp "GET /static/admin/css/responsive.css HTTP/1.1" 200 16565
INFO 2025-10-05 21:41:22,206 basehttp "GET /static/admin/css/base.css HTTP/1.1" 200 22120
INFO 2025-10-05 21:41:23,350 basehttp "GET /static/admin/js/theme.js HTTP/1.1" 200 1653
INFO 2025-10-05 21:41:23,519 basehttp "GET /static/admin/img/icon-changelink.svg HTTP/1.1" 200 380
INFO 2025-10-05 21:41:23,578 basehttp "GET /static/admin/img/icon-addlink.svg HTTP/1.1" 200 331
INFO 2025-10-05 21:41:23,617 basehttp "GET /static/admin/js/nav_sidebar.js HTTP/1.1" 200 3063
INFO 2025-10-05 21:41:49,254 basehttp "GET /admin/ HTTP/1.1" 200 8120
INFO 2025-10-05 21:42:00,182 basehttp "GET /admin/ HTTP/1.1" 200 8120
INFO 2025-10-05 21:42:56,119 autoreload Watching for file changes with StatReloader
INFO 2025-10-05 21:43:05,949 autoreload Watching for file changes with StatReloader
WARNING 2025-10-05 21:43:12,260 log Not Found: /
WARNING 2025-10-05 21:43:12,263 basehttp "GET / HTTP/1.1" 404 2810
INFO 2025-10-05 21:43:14,714 basehttp "GET /admin/ HTTP/1.1" 200 9811
INFO 2025-10-05 21:43:19,649 autoreload E:\Coding\realProject\ITA\ITA_Platform\ITA_Platform\settings.py changed, reloading.
INFO 2025-10-05 21:43:20,465 autoreload Watching for file changes with StatReloader
INFO 2025-10-05 21:46:09,789 autoreload E:\Coding\realProject\ITA\ITA_Platform\ITA_Platform\settings.py changed, reloading.
INFO 2025-10-05 21:46:10,453 autoreload Watching for file changes with StatReloader
INFO 2025-10-05 21:46:14,158 autoreload E:\Coding\realProject\ITA\ITA_Platform\ITA_Platform\settings.py changed, reloading.
INFO 2025-10-05 21:46:14,967 autoreload Watching for file changes with StatReloader
INFO 2025-10-05 21:46:16,587 autoreload E:\Coding\realProject\ITA\ITA_Platform\ITA_Platform\settings.py changed, reloading.
INFO 2025-10-05 21:46:17,466 autoreload Watching for file changes with StatReloader
INFO 2025-10-05 21:46:40,817 basehttp "GET /api/accounts HTTP/1.1" 301 0
INFO 2025-10-05 21:46:42,383 basehttp "GET /api/accounts/ HTTP/1.1" 200 5934
INFO 2025-10-05 21:46:42,914 basehttp "GET /static/rest_framework/css/prettify.css HTTP/1.1" 200 817
INFO 2025-10-05 21:46:42,941 basehttp "GET /static/rest_framework/css/default.css HTTP/1.1" 200 1152
INFO 2025-10-05 21:46:43,150 basehttp "GET /static/rest_framework/css/bootstrap-tweaks.css HTTP/1.1" 200 3426
INFO 2025-10-05 21:46:43,919 basehttp "GET /static/rest_framework/css/bootstrap.min.css HTTP/1.1" 200 121457
INFO 2025-10-05 21:46:45,812 basehttp "GET /static/rest_framework/js/csrf.js HTTP/1.1" 200 1793
WARNING 2025-10-05 21:46:45,815 log Not Found: /api/
WARNING 2025-10-05 21:46:45,815 basehttp "GET /api/ HTTP/1.1" 404 2840
INFO 2025-10-05 21:46:45,912 basehttp - Broken pipe from ('127.0.0.1', 61769)
INFO 2025-10-05 21:46:46,023 basehttp - Broken pipe from ('127.0.0.1', 53573)
INFO 2025-10-05 21:46:46,027 basehttp - Broken pipe from ('127.0.0.1', 59457)
INFO 2025-10-05 21:46:46,284 basehttp - Broken pipe from ('127.0.0.1', 53836)
INFO 2025-10-05 21:46:46,284 basehttp - Broken pipe from ('127.0.0.1', 52840)
INFO 2025-10-05 21:46:46,305 basehttp - Broken pipe from ('127.0.0.1', 61753)
INFO 2025-10-05 21:46:46,408 basehttp - Broken pipe from ('127.0.0.1', 62406)
INFO 2025-10-05 21:46:55,797 autoreload E:\Coding\realProject\ITA\ITA_Platform\ITA_Platform\urls.py changed, reloading.
INFO 2025-10-05 21:46:56,600 autoreload Watching for file changes with StatReloader
WARNING 2025-10-05 21:46:57,400 log Not Found: /api/
WARNING 2025-10-05 21:46:57,400 basehttp "GET /api/ HTTP/1.1" 404 2995
WARNING 2025-10-05 21:47:02,402 log Not Found: /api/courses/
WARNING 2025-10-05 21:47:02,403 basehttp "GET /api/courses/ HTTP/1.1" 404 3367
INFO 2025-10-05 21:47:12,948 basehttp "GET /api/courses/public HTTP/1.1" 301 0
INFO 2025-10-05 21:47:12,997 basehttp "GET /api/courses/public/ HTTP/1.1" 200 5994
INFO 2025-10-05 21:47:13,417 basehttp "GET /static/rest_framework/js/jquery-3.7.1.min.js HTTP/1.1" 200 87533
INFO 2025-10-05 21:47:13,417 basehttp "GET /static/rest_framework/img/grid.png HTTP/1.1" 200 1458
INFO 2025-10-05 21:47:13,424 basehttp "GET /static/rest_framework/js/bootstrap.min.js HTTP/1.1" 200 39680
INFO 2025-10-05 21:47:13,429 basehttp "GET /static/rest_framework/js/ajax-form.js HTTP/1.1" 200 3796
INFO 2025-10-05 21:47:13,431 basehttp "GET /static/rest_framework/js/prettify-min.js HTTP/1.1" 200 13632
INFO 2025-10-05 21:47:13,434 basehttp "GET /static/rest_framework/js/default.js HTTP/1.1" 200 1268
INFO 2025-10-05 21:47:13,436 basehttp "GET /static/rest_framework/js/load-ajax-form.js HTTP/1.1" 200 59
INFO 2025-10-05 21:48:48,828 basehttp "GET /api/courses/admin/courses/ HTTP/1.1" 200 15812
INFO 2025-10-05 21:48:49,074 basehttp "GET /static/rest_framework/fonts/glyphicons-halflings-regular.woff2 HTTP/1.1" 200 18028
INFO 2025-10-05 22:03:44,736 basehttp "GET /api/accounts/auth/me/ HTTP/1.1" 200 180
WARNING 2025-10-05 22:04:20,096 log Bad Request: /api/courses/admin/courses/
WARNING 2025-10-05 22:04:20,097 basehttp "POST /api/courses/admin/courses/ HTTP/1.1" 400 58
INFO 2025-10-05 22:04:44,927 basehttp "POST /api/courses/admin/categories/ HTTP/1.1" 201 202
INFO 2025-10-05 22:04:51,817 basehttp "POST /api/courses/admin/courses/ HTTP/1.1" 201 227
ERROR 2025-10-05 22:05:13,858 log Internal Server Error: /api/courses/admin/courses/
Traceback (most recent call last):
  File "E:\Coding\realProject\ITA\ITA_Platform\.venv\Lib\site-packages\django\core\handlers\exception.py", line 55, in inner
    response = get_response(request)
               ^^^^^^^^^^^^^^^^^^^^^
  File "E:\Coding\realProject\ITA\ITA_Platform\.venv\Lib\site-packages\django\core\handlers\base.py", line 197, in _get_response
    response = wrapped_callback(request, *callback_args, **callback_kwargs)
               ^^^^^^^^^^^^^^^^^^^^^^^^^^^^^^^^^^^^^^^^^^^^^^^^^^^^^^^^^^^^
  File "E:\Coding\realProject\ITA\ITA_Platform\.venv\Lib\site-packages\django\views\decorators\csrf.py", line 65, in _view_wrapper
    return view_func(request, *args, **kwargs)
           ^^^^^^^^^^^^^^^^^^^^^^^^^^^^^^^^^^^
  File "E:\Coding\realProject\ITA\ITA_Platform\.venv\Lib\site-packages\rest_framework\viewsets.py", line 125, in view
    return self.dispatch(request, *args, **kwargs)
           ^^^^^^^^^^^^^^^^^^^^^^^^^^^^^^^^^^^^^^^
  File "E:\Coding\realProject\ITA\ITA_Platform\.venv\Lib\site-packages\rest_framework\views.py", line 515, in dispatch
    response = self.handle_exception(exc)
               ^^^^^^^^^^^^^^^^^^^^^^^^^^
  File "E:\Coding\realProject\ITA\ITA_Platform\.venv\Lib\site-packages\rest_framework\views.py", line 475, in handle_exception
    self.raise_uncaught_exception(exc)
  File "E:\Coding\realProject\ITA\ITA_Platform\.venv\Lib\site-packages\rest_framework\views.py", line 486, in raise_uncaught_exception
    raise exc
  File "E:\Coding\realProject\ITA\ITA_Platform\.venv\Lib\site-packages\rest_framework\views.py", line 512, in dispatch
    response = handler(request, *args, **kwargs)
               ^^^^^^^^^^^^^^^^^^^^^^^^^^^^^^^^^
  File "E:\Coding\realProject\ITA\ITA_Platform\.venv\Lib\site-packages\rest_framework\mixins.py", line 43, in list
    return self.get_paginated_response(serializer.data)
                                       ^^^^^^^^^^^^^^^
  File "E:\Coding\realProject\ITA\ITA_Platform\.venv\Lib\site-packages\rest_framework\serializers.py", line 797, in data
    ret = super().data
          ^^^^^^^^^^^^
  File "E:\Coding\realProject\ITA\ITA_Platform\.venv\Lib\site-packages\rest_framework\serializers.py", line 251, in data
    self._data = self.to_representation(self.instance)
                 ^^^^^^^^^^^^^^^^^^^^^^^^^^^^^^^^^^^^^
  File "E:\Coding\realProject\ITA\ITA_Platform\.venv\Lib\site-packages\rest_framework\serializers.py", line 715, in to_representation
    return [
           ^
  File "E:\Coding\realProject\ITA\ITA_Platform\.venv\Lib\site-packages\rest_framework\serializers.py", line 716, in <listcomp>
    self.child.to_representation(item) for item in iterable
    ^^^^^^^^^^^^^^^^^^^^^^^^^^^^^^^^^^
  File "E:\Coding\realProject\ITA\ITA_Platform\.venv\Lib\site-packages\rest_framework\serializers.py", line 540, in to_representation
    ret[field.field_name] = field.to_representation(attribute)
                            ^^^^^^^^^^^^^^^^^^^^^^^^^^^^^^^^^^
  File "E:\Coding\realProject\ITA\ITA_Platform\.venv\Lib\site-packages\rest_framework\fields.py", line 1870, in to_representation
    return method(value)
           ^^^^^^^^^^^^^
  File "E:\Coding\realProject\ITA\ITA_Platform\courses\serializers.py", line 145, in get_enrollment_count
    return obj.get_enrollment_count()
           ^^^^^^^^^^^^^^^^^^^^^^^^^^
  File "E:\Coding\realProject\ITA\ITA_Platform\courses\models.py", line 100, in get_enrollment_count
    return self.enrollments.count()
           ^^^^^^^^^^^^^^^^
AttributeError: 'Course' object has no attribute 'enrollments'
ERROR 2025-10-05 22:05:13,890 basehttp "GET /api/courses/admin/courses/ HTTP/1.1" 500 140852
ERROR 2025-10-05 22:07:21,756 log Internal Server Error: /api/courses/admin/courses/1/
Traceback (most recent call last):
  File "E:\Coding\realProject\ITA\ITA_Platform\.venv\Lib\site-packages\django\core\handlers\exception.py", line 55, in inner
    response = get_response(request)
               ^^^^^^^^^^^^^^^^^^^^^
  File "E:\Coding\realProject\ITA\ITA_Platform\.venv\Lib\site-packages\django\core\handlers\base.py", line 197, in _get_response
    response = wrapped_callback(request, *callback_args, **callback_kwargs)
               ^^^^^^^^^^^^^^^^^^^^^^^^^^^^^^^^^^^^^^^^^^^^^^^^^^^^^^^^^^^^
  File "E:\Coding\realProject\ITA\ITA_Platform\.venv\Lib\site-packages\django\views\decorators\csrf.py", line 65, in _view_wrapper
    return view_func(request, *args, **kwargs)
           ^^^^^^^^^^^^^^^^^^^^^^^^^^^^^^^^^^^
  File "E:\Coding\realProject\ITA\ITA_Platform\.venv\Lib\site-packages\rest_framework\viewsets.py", line 125, in view
    return self.dispatch(request, *args, **kwargs)
           ^^^^^^^^^^^^^^^^^^^^^^^^^^^^^^^^^^^^^^^
  File "E:\Coding\realProject\ITA\ITA_Platform\.venv\Lib\site-packages\rest_framework\views.py", line 515, in dispatch
    response = self.handle_exception(exc)
               ^^^^^^^^^^^^^^^^^^^^^^^^^^
  File "E:\Coding\realProject\ITA\ITA_Platform\.venv\Lib\site-packages\rest_framework\views.py", line 475, in handle_exception
    self.raise_uncaught_exception(exc)
  File "E:\Coding\realProject\ITA\ITA_Platform\.venv\Lib\site-packages\rest_framework\views.py", line 486, in raise_uncaught_exception
    raise exc
  File "E:\Coding\realProject\ITA\ITA_Platform\.venv\Lib\site-packages\rest_framework\views.py", line 512, in dispatch
    response = handler(request, *args, **kwargs)
               ^^^^^^^^^^^^^^^^^^^^^^^^^^^^^^^^^
  File "E:\Coding\realProject\ITA\ITA_Platform\.venv\Lib\site-packages\rest_framework\mixins.py", line 56, in retrieve
    return Response(serializer.data)
                    ^^^^^^^^^^^^^^^
  File "E:\Coding\realProject\ITA\ITA_Platform\.venv\Lib\site-packages\rest_framework\serializers.py", line 573, in data
    ret = super().data
          ^^^^^^^^^^^^
  File "E:\Coding\realProject\ITA\ITA_Platform\.venv\Lib\site-packages\rest_framework\serializers.py", line 251, in data
    self._data = self.to_representation(self.instance)
                 ^^^^^^^^^^^^^^^^^^^^^^^^^^^^^^^^^^^^^
  File "E:\Coding\realProject\ITA\ITA_Platform\.venv\Lib\site-packages\rest_framework\serializers.py", line 540, in to_representation
    ret[field.field_name] = field.to_representation(attribute)
                            ^^^^^^^^^^^^^^^^^^^^^^^^^^^^^^^^^^
  File "E:\Coding\realProject\ITA\ITA_Platform\.venv\Lib\site-packages\rest_framework\fields.py", line 1870, in to_representation
    return method(value)
           ^^^^^^^^^^^^^
  File "E:\Coding\realProject\ITA\ITA_Platform\courses\serializers.py", line 79, in get_enrollment_count
    return obj.get_enrollment_count()
           ^^^^^^^^^^^^^^^^^^^^^^^^^^
  File "E:\Coding\realProject\ITA\ITA_Platform\courses\models.py", line 100, in get_enrollment_count
    return self.enrollments.count()
           ^^^^^^^^^^^^^^^^
AttributeError: 'Course' object has no attribute 'enrollments'
ERROR 2025-10-05 22:07:21,758 basehttp "GET /api/courses/admin/courses/1/ HTTP/1.1" 500 137983
